2023-04-07 18:40:07 DEBUG /home/wucz/test/MyWeb/main.cpp 56 GET /
2023-04-07 18:40:07 DEBUG /home/wucz/test/MyWeb/main.cpp 56 GET /music.css
2023-04-07 18:40:07 DEBUG /home/wucz/test/MyWeb/main.cpp 56 GET /swiper-bundle.css
2023-04-07 18:40:07 DEBUG /home/wucz/test/MyWeb/main.cpp 56 GET /pvue.js
2023-04-07 18:40:07 DEBUG /home/wucz/test/MyWeb/main.cpp 56 GET /index.css
2023-04-07 18:40:07 DEBUG /home/wucz/test/MyWeb/main.cpp 56 GET /message.css
2023-04-07 18:40:07 DEBUG /home/wucz/test/MyWeb/main.cpp 56 GET /show.css
2023-04-07 18:40:07 DEBUG /home/wucz/test/MyWeb/main.cpp 56 GET /login.css
2023-04-07 18:40:08 DEBUG /home/wucz/test/MyWeb/main.cpp 56 GET /music.js
2023-04-07 18:40:08 DEBUG /home/wucz/test/MyWeb/main.cpp 56 GET /message.js
2023-04-07 18:40:08 DEBUG /home/wucz/test/MyWeb/main.cpp 56 GET /show.js
2023-04-07 18:40:08 DEBUG /home/wucz/test/MyWeb/main.cpp 56 GET /swiper-bundle.js
2023-04-07 18:40:08 DEBUG /home/wucz/test/MyWeb/main.cpp 56 GET /login.js
2023-04-07 18:40:08 DEBUG /home/wucz/test/MyWeb/main.cpp 56 GET /src/assets/icon.jpg
2023-04-07 18:40:09 DEBUG /home/wucz/test/MyWeb/main.cpp 63 
POST /post
{"message_show":"all"}
2023-04-07 18:40:09 DEBUG /home/wucz/test/MyWeb/main.cpp 63 
POST /post
{"showList":"rootPath"}
2023-04-07 18:40:09 DEBUG /home/wucz/test/MyWeb/main.cpp 56 GET /favicon.ico
2023-04-07 18:40:23 DEBUG /home/wucz/test/MyWeb/main.cpp 63 
POST /post
{"message_add":"test 03"}
2023-04-07 18:51:31 DEBUG /home/wucz/test/MyWeb/main.cpp 56 GET /index.html
