2023-03-30 19:23:34 INFO  /home/wucz/test/MyWeb/main.cpp 42 
GET / HTTP/1.1
Host: dx191dya.com:5099
Connection: keep-alive
Cache-Control: max-age=0
Upgrade-Insecure-Requests: 1
User-Agent: Mozilla/5.0 (Windows NT 10.0; Win64; x64) AppleWebKit/537.36 (KHTML, like Gecko) Chrome/111.0.0.0 Safari/537.36 Edg/111.0.1661.54
Accept: text/html,application/xhtml+xml,application/xml;q=0.9,image/webp,image/apng,*/*;q=0.8,application/signed-exchange;v=b3;q=0.7
Accept-Encoding: gzip, deflate
Accept-Language: zh-CN,zh;q=0.9,en;q=0.8,en-GB;q=0.7,en-US;q=0.6


2023-03-30 19:23:34 DEBUG /home/wucz/test/MyWeb/main.cpp 50 key:Accept-Language  value:zh-CN,zh;q=0.9,en;q=0.8,en-GB;q=0.7,en-US;q=0.6
2023-03-30 19:23:34 DEBUG /home/wucz/test/MyWeb/main.cpp 50 key:Accept  value:text/html,application/xhtml+xml,application/xml;q=0.9,image/webp,image/apng,*/*;q=0.8,application/signed-exchange;v=b3;q=0.7
2023-03-30 19:23:34 DEBUG /home/wucz/test/MyWeb/main.cpp 50 key:Upgrade-Insecure-Requests  value:1
2023-03-30 19:23:34 DEBUG /home/wucz/test/MyWeb/main.cpp 50 key:Cache-Control  value:max-age=0
2023-03-30 19:23:34 DEBUG /home/wucz/test/MyWeb/main.cpp 50 key:Accept-Encoding  value:gzip, deflate
2023-03-30 19:23:34 DEBUG /home/wucz/test/MyWeb/main.cpp 50 key:Connection  value:keep-alive
2023-03-30 19:23:34 DEBUG /home/wucz/test/MyWeb/main.cpp 50 key:Host  value:dx191dya.com:5099
2023-03-30 19:23:34 DEBUG /home/wucz/test/MyWeb/main.cpp 50 key:User-Agent  value:Mozilla/5.0 (Windows NT 10.0; Win64; x64) AppleWebKit/537.36 (KHTML, like Gecko) Chrome/111.0.0.0 Safari/537.36 Edg/111.0.1661.54
2023-03-30 19:23:34 DEBUG /home/wucz/test/MyWeb/main.cpp 50 key:url  value:/
2023-03-30 19:25:39 INFO  /home/wucz/test/MyWeb/main.cpp 42 
GET /t1.html HTTP/1.1
Host: dx191dya.com:5099
Connection: keep-alive
Upgrade-Insecure-Requests: 1
User-Agent: Mozilla/5.0 (Windows NT 10.0; Win64; x64) AppleWebKit/537.36 (KHTML, like Gecko) Chrome/111.0.0.0 Safari/537.36 Edg/111.0.1661.54
Accept: text/html,application/xhtml+xml,application/xml;q=0.9,image/webp,image/apng,*/*;q=0.8,application/signed-exchange;v=b3;q=0.7
Accept-Encoding: gzip, deflate
Accept-Language: zh-CN,zh;q=0.9,en;q=0.8,en-GB;q=0.7,en-US;q=0.6


2023-03-30 19:25:39 DEBUG /home/wucz/test/MyWeb/main.cpp 50 key:Accept-Language  value:zh-CN,zh;q=0.9,en;q=0.8,en-GB;q=0.7,en-US;q=0.6
2023-03-30 19:25:39 DEBUG /home/wucz/test/MyWeb/main.cpp 50 key:Accept  value:text/html,application/xhtml+xml,application/xml;q=0.9,image/webp,image/apng,*/*;q=0.8,application/signed-exchange;v=b3;q=0.7
2023-03-30 19:25:39 DEBUG /home/wucz/test/MyWeb/main.cpp 50 key:Upgrade-Insecure-Requests  value:1
2023-03-30 19:25:39 DEBUG /home/wucz/test/MyWeb/main.cpp 50 key:Accept-Encoding  value:gzip, deflate
2023-03-30 19:25:39 DEBUG /home/wucz/test/MyWeb/main.cpp 50 key:Connection  value:keep-alive
2023-03-30 19:25:39 DEBUG /home/wucz/test/MyWeb/main.cpp 50 key:Host  value:dx191dya.com:5099
2023-03-30 19:25:39 DEBUG /home/wucz/test/MyWeb/main.cpp 50 key:User-Agent  value:Mozilla/5.0 (Windows NT 10.0; Win64; x64) AppleWebKit/537.36 (KHTML, like Gecko) Chrome/111.0.0.0 Safari/537.36 Edg/111.0.1661.54
2023-03-30 19:25:39 DEBUG /home/wucz/test/MyWeb/main.cpp 50 key:url  value:/t1.html
